<?xml version="1.0" encoding="UTF-8"?>
<!-- Generated by org.testng.reporters.JUnitReportReporter -->
<testsuite hostname="Tofig" failures="0" tests="5" name="com.cybertek.TaskSauceLab" time="11.836" errors="0" timestamp="2023-04-02T01:25:02 EDT" skipped="0">
  <testcase classname="com.cybertek.TaskSauceLab" name="checkoutPage" time="4.422"/>
  <system-out/>
  <testcase classname="com.cybertek.TaskSauceLab" name="addToCart" time="1.427"/>
  <system-out/>
  <testcase classname="com.cybertek.TaskSauceLab" name="assertTitle" time="1.178"/>
  <system-out/>
  <testcase classname="com.cybertek.TaskSauceLab" name="verifyPrices" time="1.370"/>
  <system-out/>
  <testcase classname="com.cybertek.TaskSauceLab" name="loginToSauceLab" time="3.439"/>
  <system-out/>
</testsuite> <!-- com.cybertek.TaskSauceLab -->
