<?xml version="1.0" encoding="UTF-8"?>
<!-- Generated by org.testng.reporters.JUnitReportReporter -->
<testsuite hostname="Tofig" failures="0" tests="5" name="com.cybertek.WebOrderTest" time="20.496" errors="0" timestamp="2023-04-02T01:25:41 EDT" skipped="0">
  <testcase classname="com.cybertek.WebOrderTest" name="testLoginWithInvalidCredentials" time="1.975"/>
  <system-out/>
  <testcase classname="com.cybertek.WebOrderTest" name="testLogin" time="6.390"/>
  <system-out/>
  <testcase classname="com.cybertek.WebOrderTest" name="testSideBar" time="8.162"/>
  <system-out/>
  <testcase classname="com.cybertek.WebOrderTest" name="testUrlExist" time="1.919"/>
  <system-out/>
  <testcase classname="com.cybertek.WebOrderTest" name="checkAll" time="2.050"/>
  <system-out/>
</testsuite> <!-- com.cybertek.WebOrderTest -->
