<?xml version="1.0" encoding="UTF-8"?>
<!-- Generated by org.testng.reporters.JUnitReportReporter -->
<testsuite hostname="Tofig" failures="0" tests="16" name="com.cybertek.PracticeCyberTechTasks" time="68.682" errors="0" timestamp="2023-04-02T01:36:51 EDT" skipped="0">
  <testcase classname="com.cybertek.PracticeCyberTechTasks" name="iframe" time="1.792"/>
  <system-out/>
  <testcase classname="com.cybertek.PracticeCyberTechTasks" name="jsExecuterPractice2" time="12.338"/>
  <system-out/>
  <testcase classname="com.cybertek.PracticeCyberTechTasks" name="doubleClickPractice" time="4.553"/>
  <system-out/>
  <testcase classname="com.cybertek.PracticeCyberTechTasks" name="javasciptAlerts" time="1.738"/>
  <system-out/>
  <testcase classname="com.cybertek.PracticeCyberTechTasks" name="sortableGetDataTable" time="1.406"/>
  <system-out/>
  <testcase classname="com.cybertek.PracticeCyberTechTasks" name="dynamicControls1" time="4.543"/>
  <system-out/>
  <testcase classname="com.cybertek.PracticeCyberTechTasks" name="testPerformHoverAction" time="1.795"/>
  <system-out/>
  <testcase classname="com.cybertek.PracticeCyberTechTasks" name="dynamicControls2" time="0.932"/>
  <system-out/>
  <testcase classname="com.cybertek.PracticeCyberTechTasks" name="explicitWaitExample7" time="6.736"/>
  <system-out/>
  <testcase classname="com.cybertek.PracticeCyberTechTasks" name="testDragAndDrop" time="4.738"/>
  <system-out/>
  <testcase classname="com.cybertek.PracticeCyberTechTasks" name="actionsPractice" time="10.952"/>
  <system-out/>
  <testcase classname="com.cybertek.PracticeCyberTechTasks" name="fileupload" time="4.134"/>
  <system-out/>
  <testcase classname="com.cybertek.PracticeCyberTechTasks" name="jsExecuterPractice1" time="8.305"/>
  <system-out/>
  <testcase classname="com.cybertek.PracticeCyberTechTasks" name="iframeNested" time="1.280"/>
  <system-out/>
  <testcase classname="com.cybertek.PracticeCyberTechTasks" name="rightClickPractice" time="1.641"/>
  <system-out/>
  <testcase classname="com.cybertek.PracticeCyberTechTasks" name="forgetPassword" time="1.799"/>
  <system-out/>
</testsuite> <!-- com.cybertek.PracticeCyberTechTasks -->
