<?xml version="1.0" encoding="UTF-8"?>
<!-- Generated by org.testng.reporters.JUnitReportReporter -->
<testsuite hostname="Tofig" failures="0" tests="2" name="com.cybertek.TaskRegistrationForm" time="6.625" errors="0" timestamp="2023-04-02T01:24:06 EDT" skipped="0">
  <testcase classname="com.cybertek.TaskRegistrationForm" name="registrationTask" time="5.182"/>
  <system-out/>
  <testcase classname="com.cybertek.TaskRegistrationForm" name="sauceLabTest" time="1.443"/>
  <system-out/>
</testsuite> <!-- com.cybertek.TaskRegistrationForm -->
